<?xml version="1.0" encoding="UTF-8"?>
<testng-results ignored="0" total="1" passed="1" failed="0" skipped="0">
  <reporter-output>
  </reporter-output>
  <suite started-at="2023-09-15T16:10:14 IST" name="Default suite" finished-at="2023-09-15T16:11:07 IST" duration-ms="52252">
    <groups>
    </groups>
    <test started-at="2023-09-15T16:10:14 IST" name="Default test" finished-at="2023-09-15T16:11:07 IST" duration-ms="52252">
      <class name="mavenDemo.TestProject.OpenBrowser">
        <test-method signature="open()[pri:0, instance:mavenDemo.TestProject.OpenBrowser@6f1de4c7]" started-at="2023-09-15T16:10:14 IST" name="open" finished-at="2023-09-15T16:11:07 IST" duration-ms="52190" status="PASS">
          <reporter-output>
          </reporter-output>
        </test-method> <!-- open -->
      </class> <!-- mavenDemo.TestProject.OpenBrowser -->
    </test> <!-- Default test -->
  </suite> <!-- Default suite -->
</testng-results>
